[    10.619] 
X.Org X Server 1.21.1.16
X Protocol Version 11, Revision 0
[    10.620] Current Operating System: Linux Virt-Arch 6.14.9-arch1-1 #1 SMP PREEMPT_DYNAMIC Thu, 29 May 2025 21:42:15 +0000 x86_64
[    10.620] Kernel command line: initrd=\initramfs-linux.img root=UUID=bac69d7a-4b82-4e3b-aa75-cc1446d59c54 rw
[    10.620]  
[    10.620] Current version of pixman: 0.46.0
[    10.620] 	Before reporting problems, check http://wiki.x.org
	to make sure that you have the latest version.
[    10.620] Markers: (--) probed, (**) from config file, (==) default setting,
	(++) from command line, (!!) notice, (II) informational,
	(WW) warning, (EE) error, (NI) not implemented, (??) unknown.
[    10.620] (==) Log file: "/home/bruh2/.local/share/xorg/Xorg.0.log", Time: Fri Jun  6 22:40:03 2025
[    10.623] (==) Using system config directory "/usr/share/X11/xorg.conf.d"
[    10.624] (==) No Layout section.  Using the first Screen section.
[    10.624] (==) No screen section available. Using defaults.
[    10.624] (**) |-->Screen "Default Screen Section" (0)
[    10.624] (**) |   |-->Monitor "<default monitor>"
[    10.624] (==) No monitor specified for screen "Default Screen Section".
	Using a default monitor configuration.
[    10.624] (**) Allowing byte-swapped clients
[    10.624] (==) Automatically adding devices
[    10.624] (==) Automatically enabling devices
[    10.624] (==) Automatically adding GPU devices
[    10.624] (==) Automatically binding GPU devices
[    10.624] (==) Max clients allowed: 256, resource mask: 0x1fffff
[    10.626] (WW) The directory "/usr/share/fonts/OTF" does not exist.
[    10.626] 	Entry deleted from font path.
[    10.626] (WW) The directory "/usr/share/fonts/Type1" does not exist.
[    10.626] 	Entry deleted from font path.
[    10.628] (==) FontPath set to:
	/usr/share/fonts/misc,
	/usr/share/fonts/TTF,
	/usr/share/fonts/100dpi,
	/usr/share/fonts/75dpi
[    10.628] (==) ModulePath set to "/usr/lib/xorg/modules"
[    10.628] (II) The server relies on udev to provide the list of input devices.
	If no devices become available, reconfigure udev or disable AutoAddDevices.
[    10.628] (II) Module ABI versions:
[    10.628] 	X.Org ANSI C Emulation: 0.4
[    10.628] 	X.Org Video Driver: 25.2
[    10.628] 	X.Org XInput driver : 24.4
[    10.628] 	X.Org Server Extension : 10.0
[    10.629] (++) using VT number 1

[    10.630] (II) systemd-logind: took control of session /org/freedesktop/login1/session/_31
[    10.630] (II) xfree86: Adding drm device (/dev/dri/card0)
[    10.630] (II) Platform probe for /sys/devices/pci0000:00/0000:00:02.0/drm/card0
[    10.631] (II) systemd-logind: got fd for /dev/dri/card0 226:0 fd 13 paused 0
[    10.632] (--) PCI:*(0@0:2:0) 15ad:0405:15ad:0405 rev 0, Mem @ 0x80000000/16777216, 0x81400000/2097152, I/O @ 0x0000c170/16, BIOS @ 0x????????/131072
[    10.632] (WW) Open ACPI failed (/var/run/acpid.socket) (No such file or directory)
[    10.632] (II) LoadModule: "glx"
[    10.633] (II) Loading /usr/lib/xorg/modules/extensions/libglx.so
[    10.640] (II) Module glx: vendor="X.Org Foundation"
[    10.640] 	compiled for 1.21.1.16, module version = 1.0.0
[    10.640] 	ABI class: X.Org Server Extension, version 10.0
[    10.640] (==) Matched vmware as autoconfigured driver 0
[    10.640] (==) Matched modesetting as autoconfigured driver 1
[    10.640] (==) Matched fbdev as autoconfigured driver 2
[    10.640] (==) Matched vesa as autoconfigured driver 3
[    10.640] (==) Assigned the driver to the xf86ConfigLayout
[    10.640] (II) LoadModule: "vmware"
[    10.640] (WW) Warning, couldn't open module vmware
[    10.640] (EE) Failed to load module "vmware" (module does not exist, 0)
[    10.640] (II) LoadModule: "modesetting"
[    10.640] (II) Loading /usr/lib/xorg/modules/drivers/modesetting_drv.so
[    10.641] (II) Module modesetting: vendor="X.Org Foundation"
[    10.641] 	compiled for 1.21.1.16, module version = 1.21.1
[    10.641] 	Module class: X.Org Video Driver
[    10.641] 	ABI class: X.Org Video Driver, version 25.2
[    10.641] (II) LoadModule: "fbdev"
[    10.641] (WW) Warning, couldn't open module fbdev
[    10.641] (EE) Failed to load module "fbdev" (module does not exist, 0)
[    10.641] (II) LoadModule: "vesa"
[    10.641] (II) Loading /usr/lib/xorg/modules/drivers/vesa_drv.so
[    10.642] (II) Module vesa: vendor="X.Org Foundation"
[    10.642] 	compiled for 1.21.1.11, module version = 2.6.0
[    10.642] 	Module class: X.Org Video Driver
[    10.642] 	ABI class: X.Org Video Driver, version 25.2
[    10.642] (II) modesetting: Driver for Modesetting Kernel Drivers: kms
[    10.642] (II) VESA: driver for VESA chipsets: vesa
[    10.642] xf86EnableIO: failed to enable I/O ports 0000-03ff (Operation not permitted)
[    10.642] (II) modeset(0): using drv /dev/dri/card0
[    10.642] (WW) VGA arbiter: cannot open kernel arbiter, no multi-card support
[    10.642] (II) modeset(0): Creating default Display subsection in Screen section
	"Default Screen Section" for depth/fbbpp 24/32
[    10.642] (==) modeset(0): Depth 24, (==) framebuffer bpp 32
[    10.642] (==) modeset(0): RGB weight 888
[    10.642] (==) modeset(0): Default visual is TrueColor
[    10.642] (II) Loading sub module "glamoregl"
[    10.642] (II) LoadModule: "glamoregl"
[    10.642] (II) Loading /usr/lib/xorg/modules/libglamoregl.so
[    10.647] (II) Module glamoregl: vendor="X.Org Foundation"
[    10.647] 	compiled for 1.21.1.16, module version = 1.0.1
[    10.647] 	ABI class: X.Org ANSI C Emulation, version 0.4
[    10.896] (II) modeset(0): Refusing to try glamor on llvmpipe
[    10.898] (II) modeset(0): glamor initialization failed
[    10.898] (II) modeset(0): ShadowFB: preferred NO, enabled NO
[    10.898] (II) modeset(0): Output Virtual-1 has no monitor section
[    10.898] (II) modeset(0): Output Virtual-2 has no monitor section
[    10.898] (II) modeset(0): Output Virtual-3 has no monitor section
[    10.898] (II) modeset(0): Output Virtual-4 has no monitor section
[    10.898] (II) modeset(0): Output Virtual-5 has no monitor section
[    10.898] (II) modeset(0): Output Virtual-6 has no monitor section
[    10.898] (II) modeset(0): Output Virtual-7 has no monitor section
[    10.898] (II) modeset(0): Output Virtual-8 has no monitor section
[    10.899] (II) modeset(0): EDID for output Virtual-1
[    10.899] (II) modeset(0): Printing probed modes for output Virtual-1
[    10.899] (II) modeset(0): Modeline "1920x1080"x60.0  152.77  1920 1970 2020 2070  1080 1130 1180 1230 -hsync +vsync (73.8 kHz eP)
[    10.899] (II) modeset(0): Modeline "2560x1600"x60.0  348.50  2560 2752 3032 3504  1600 1603 1609 1658 -hsync +vsync (99.5 kHz e)
[    10.899] (II) modeset(0): Modeline "2560x1600"x60.0  268.50  2560 2608 2640 2720  1600 1603 1609 1646 +hsync -vsync (98.7 kHz e)
[    10.899] (II) modeset(0): Modeline "1920x1440"x60.0  234.00  1920 2048 2256 2600  1440 1441 1444 1500 -hsync +vsync (90.0 kHz e)
[    10.899] (II) modeset(0): Modeline "1856x1392"x60.0  218.25  1856 1952 2176 2528  1392 1393 1396 1439 -hsync +vsync (86.3 kHz e)
[    10.899] (II) modeset(0): Modeline "1792x1344"x60.0  204.75  1792 1920 2120 2448  1344 1345 1348 1394 -hsync +vsync (83.6 kHz e)
[    10.899] (II) modeset(0): Modeline "2048x1152"x60.0  162.00  2048 2074 2154 2250  1152 1153 1156 1200 +hsync +vsync (72.0 kHz e)
[    10.899] (II) modeset(0): Modeline "1920x1200"x59.9  193.25  1920 2056 2256 2592  1200 1203 1209 1245 -hsync +vsync (74.6 kHz e)
[    10.899] (II) modeset(0): Modeline "1920x1200"x60.0  154.00  1920 1968 2000 2080  1200 1203 1209 1235 +hsync -vsync (74.0 kHz e)
[    10.899] (II) modeset(0): Modeline "1920x1080"x60.0  148.50  1920 2008 2052 2200  1080 1084 1089 1125 -hsync -vsync (67.5 kHz e)
[    10.899] (II) modeset(0): Modeline "1600x1200"x60.0  162.00  1600 1664 1856 2160  1200 1201 1204 1250 +hsync +vsync (75.0 kHz e)
[    10.899] (II) modeset(0): Modeline "1680x1050"x60.0  146.25  1680 1784 1960 2240  1050 1053 1059 1089 -hsync +vsync (65.3 kHz e)
[    10.899] (II) modeset(0): Modeline "1680x1050"x59.9  119.00  1680 1728 1760 1840  1050 1053 1059 1080 +hsync -vsync (64.7 kHz e)
[    10.899] (II) modeset(0): Modeline "1400x1050"x60.0  121.75  1400 1488 1632 1864  1050 1053 1057 1089 -hsync +vsync (65.3 kHz e)
[    10.899] (II) modeset(0): Modeline "1400x1050"x59.9  101.00  1400 1448 1480 1560  1050 1053 1057 1080 +hsync -vsync (64.7 kHz e)
[    10.899] (II) modeset(0): Modeline "1600x900"x60.0  108.00  1600 1624 1704 1800  900 901 904 1000 +hsync +vsync (60.0 kHz e)
[    10.899] (II) modeset(0): Modeline "1280x1024"x60.0  108.00  1280 1328 1440 1688  1024 1025 1028 1066 +hsync +vsync (64.0 kHz e)
[    10.899] (II) modeset(0): Modeline "1440x900"x59.9  106.50  1440 1520 1672 1904  900 903 909 934 -hsync +vsync (55.9 kHz e)
[    10.899] (II) modeset(0): Modeline "1440x900"x59.9   88.75  1440 1488 1520 1600  900 903 909 926 +hsync -vsync (55.5 kHz e)
[    10.899] (II) modeset(0): Modeline "1280x960"x60.0  108.00  1280 1376 1488 1800  960 961 964 1000 +hsync +vsync (60.0 kHz e)
[    10.899] (II) modeset(0): Modeline "1366x768"x59.8   85.50  1366 1436 1579 1792  768 771 774 798 +hsync +vsync (47.7 kHz e)
[    10.899] (II) modeset(0): Modeline "1366x768"x60.0   72.00  1366 1380 1436 1500  768 769 772 800 +hsync +vsync (48.0 kHz e)
[    10.899] (II) modeset(0): Modeline "1360x768"x60.0   85.50  1360 1424 1536 1792  768 771 777 795 +hsync +vsync (47.7 kHz e)
[    10.899] (II) modeset(0): Modeline "1280x800"x59.8   83.50  1280 1352 1480 1680  800 803 809 831 -hsync +vsync (49.7 kHz e)
[    10.899] (II) modeset(0): Modeline "1280x800"x59.9   71.00  1280 1328 1360 1440  800 803 809 823 +hsync -vsync (49.3 kHz e)
[    10.899] (II) modeset(0): Modeline "1280x768"x59.9   79.50  1280 1344 1472 1664  768 771 778 798 -hsync +vsync (47.8 kHz e)
[    10.899] (II) modeset(0): Modeline "1280x768"x60.0   68.25  1280 1328 1360 1440  768 771 778 790 +hsync -vsync (47.4 kHz e)
[    10.899] (II) modeset(0): Modeline "1280x720"x60.0   74.25  1280 1390 1430 1650  720 725 730 750 +hsync +vsync (45.0 kHz e)
[    10.899] (II) modeset(0): Modeline "1024x768"x60.0   65.00  1024 1048 1184 1344  768 771 777 806 -hsync -vsync (48.4 kHz e)
[    10.899] (II) modeset(0): Modeline "800x600"x60.3   40.00  800 840 968 1056  600 601 605 628 +hsync +vsync (37.9 kHz e)
[    10.899] (II) modeset(0): Modeline "800x600"x56.2   36.00  800 824 896 1024  600 601 603 625 +hsync +vsync (35.2 kHz e)
[    10.899] (II) modeset(0): Modeline "848x480"x60.0   33.75  848 864 976 1088  480 486 494 517 +hsync +vsync (31.0 kHz e)
[    10.899] (II) modeset(0): Modeline "640x480"x59.9   25.18  640 656 752 800  480 490 492 525 -hsync -vsync (31.5 kHz e)
[    10.899] (II) modeset(0): EDID for output Virtual-2
[    10.899] (II) modeset(0): EDID for output Virtual-3
[    10.899] (II) modeset(0): EDID for output Virtual-4
[    10.899] (II) modeset(0): EDID for output Virtual-5
[    10.899] (II) modeset(0): EDID for output Virtual-6
[    10.899] (II) modeset(0): EDID for output Virtual-7
[    10.899] (II) modeset(0): EDID for output Virtual-8
[    10.899] (II) modeset(0): Output Virtual-1 connected
[    10.899] (II) modeset(0): Output Virtual-2 disconnected
[    10.899] (II) modeset(0): Output Virtual-3 disconnected
[    10.899] (II) modeset(0): Output Virtual-4 disconnected
[    10.899] (II) modeset(0): Output Virtual-5 disconnected
[    10.899] (II) modeset(0): Output Virtual-6 disconnected
[    10.899] (II) modeset(0): Output Virtual-7 disconnected
[    10.899] (II) modeset(0): Output Virtual-8 disconnected
[    10.899] (II) modeset(0): Using exact sizes for initial modes
[    10.899] (II) modeset(0): Output Virtual-1 using initial mode 1920x1080 +0+0
[    10.899] (==) modeset(0): Using gamma correction (1.0, 1.0, 1.0)
[    10.899] (==) modeset(0): DPI set to (96, 96)
[    10.899] (II) Loading sub module "fb"
[    10.899] (II) LoadModule: "fb"
[    10.899] (II) Module "fb" already built-in
[    10.899] (II) UnloadModule: "vesa"
[    10.899] (II) Unloading vesa
[    10.901] (==) modeset(0): Backing store enabled
[    10.901] (==) modeset(0): Silken mouse enabled
[    10.901] (II) modeset(0): Initializing kms color map for depth 24, 8 bpc.
[    10.901] (==) modeset(0): DPMS enabled
[    10.901] (II) Initializing extension Generic Event Extension
[    10.901] (II) Initializing extension SHAPE
[    10.901] (II) Initializing extension MIT-SHM
[    10.901] (II) Initializing extension XInputExtension
[    10.902] (II) Initializing extension XTEST
[    10.902] (II) Initializing extension BIG-REQUESTS
[    10.902] (II) Initializing extension SYNC
[    10.902] (II) Initializing extension XKEYBOARD
[    10.903] (II) Initializing extension XC-MISC
[    10.903] (II) Initializing extension SECURITY
[    10.903] (II) Initializing extension XFIXES
[    10.903] (II) Initializing extension RENDER
[    10.903] (II) Initializing extension RANDR
[    10.903] (II) Initializing extension COMPOSITE
[    10.904] (II) Initializing extension DAMAGE
[    10.904] (II) Initializing extension MIT-SCREEN-SAVER
[    10.904] (II) Initializing extension DOUBLE-BUFFER
[    10.904] (II) Initializing extension RECORD
[    10.904] (II) Initializing extension DPMS
[    10.904] (II) Initializing extension Present
[    10.904] (II) Initializing extension DRI3
[    10.904] (II) Initializing extension X-Resource
[    10.904] (II) Initializing extension XVideo
[    10.904] (II) Initializing extension XVideo-MotionCompensation
[    10.904] (II) Initializing extension GLX
[    10.904] (II) AIGLX: Screen 0 is not DRI2 capable
[    10.907] (II) IGLX: Loaded and initialized swrast
[    10.907] (II) GLX: Initialized DRISWRAST GL provider for screen 0
[    10.907] (II) Initializing extension XFree86-VidModeExtension
[    10.907] (II) Initializing extension XFree86-DGA
[    10.907] (II) Initializing extension XFree86-DRI
[    10.907] (II) Initializing extension DRI2
[    10.907] (II) modeset(0): Damage tracking initialized
[    10.907] (II) modeset(0): Setting screen physical size to 508 x 285
[    10.960] (II) config/udev: Adding input device Power Button (/dev/input/event0)
[    10.960] (**) Power Button: Applying InputClass "libinput keyboard catchall"
[    10.960] (II) LoadModule: "libinput"
[    10.960] (II) Loading /usr/lib/xorg/modules/input/libinput_drv.so
[    10.975] (II) Module libinput: vendor="X.Org Foundation"
[    10.975] 	compiled for 1.21.1.13, module version = 1.5.0
[    10.975] 	Module class: X.Org XInput Driver
[    10.975] 	ABI class: X.Org XInput driver, version 24.4
[    10.975] (II) Using input driver 'libinput' for 'Power Button'
[    10.976] (II) systemd-logind: got fd for /dev/input/event0 13:64 fd 21 paused 0
[    10.976] (**) Power Button: always reports core events
[    10.976] (**) Option "Device" "/dev/input/event0"
[    10.982] (II) event0  - Power Button: is tagged by udev as: Keyboard
[    10.982] (II) event0  - Power Button: device is a keyboard
[    10.982] (II) event0  - Power Button: device removed
[    10.982] (**) Option "config_info" "udev:/sys/devices/LNXSYSTM:00/LNXPWRBN:00/input/input0/event0"
[    10.982] (II) XINPUT: Adding extended input device "Power Button" (type: KEYBOARD, id 6)
[    10.983] (II) event0  - Power Button: is tagged by udev as: Keyboard
[    10.983] (II) event0  - Power Button: device is a keyboard
[    10.983] (II) config/udev: Adding input device Sleep Button (/dev/input/event1)
[    10.983] (**) Sleep Button: Applying InputClass "libinput keyboard catchall"
[    10.983] (II) Using input driver 'libinput' for 'Sleep Button'
[    10.984] (II) systemd-logind: got fd for /dev/input/event1 13:65 fd 24 paused 0
[    10.984] (**) Sleep Button: always reports core events
[    10.984] (**) Option "Device" "/dev/input/event1"
[    10.984] (II) event1  - Sleep Button: is tagged by udev as: Keyboard
[    10.984] (II) event1  - Sleep Button: device is a keyboard
[    10.984] (II) event1  - Sleep Button: device removed
[    10.984] (**) Option "config_info" "udev:/sys/devices/LNXSYSTM:00/LNXSLPBN:00/input/input1/event1"
[    10.984] (II) XINPUT: Adding extended input device "Sleep Button" (type: KEYBOARD, id 7)
[    10.984] (II) event1  - Sleep Button: is tagged by udev as: Keyboard
[    10.984] (II) event1  - Sleep Button: device is a keyboard
[    10.985] (II) config/udev: Adding input device Video Bus (/dev/input/event4)
[    10.985] (**) Video Bus: Applying InputClass "libinput keyboard catchall"
[    10.985] (II) Using input driver 'libinput' for 'Video Bus'
[    10.985] (II) systemd-logind: got fd for /dev/input/event4 13:68 fd 25 paused 0
[    10.985] (**) Video Bus: always reports core events
[    10.985] (**) Option "Device" "/dev/input/event4"
[    10.986] (II) event4  - Video Bus: is tagged by udev as: Keyboard
[    10.986] (II) event4  - Video Bus: device is a keyboard
[    10.986] (II) event4  - Video Bus: device removed
[    10.986] (**) Option "config_info" "udev:/sys/devices/LNXSYSTM:00/LNXSYBUS:00/PNP0A03:00/LNXVIDEO:00/input/input5/event4"
[    10.986] (II) XINPUT: Adding extended input device "Video Bus" (type: KEYBOARD, id 8)
[    10.986] (II) event4  - Video Bus: is tagged by udev as: Keyboard
[    10.986] (II) event4  - Video Bus: device is a keyboard
[    10.986] (II) config/udev: Adding input device VirtualBox mouse integration (/dev/input/event5)
[    10.986] (**) VirtualBox mouse integration: Applying InputClass "libinput pointer catchall"
[    10.986] (II) Using input driver 'libinput' for 'VirtualBox mouse integration'
[    10.987] (II) systemd-logind: got fd for /dev/input/event5 13:69 fd 26 paused 0
[    10.987] (**) VirtualBox mouse integration: always reports core events
[    10.987] (**) Option "Device" "/dev/input/event5"
[    10.987] (II) event5  - VirtualBox mouse integration: is tagged by udev as: Mouse
[    10.987] (II) event5  - VirtualBox mouse integration: device is a pointer
[    10.987] (II) event5  - VirtualBox mouse integration: device removed
[    10.987] (**) Option "config_info" "udev:/sys/devices/pci0000:00/0000:00:04.0/input/input6/event5"
[    10.987] (II) XINPUT: Adding extended input device "VirtualBox mouse integration" (type: MOUSE, id 9)
[    10.987] (**) Option "AccelerationScheme" "none"
[    10.987] (**) VirtualBox mouse integration: (accel) selected scheme none/0
[    10.987] (**) VirtualBox mouse integration: (accel) acceleration factor: 2.000
[    10.987] (**) VirtualBox mouse integration: (accel) acceleration threshold: 4
[    10.987] (II) event5  - VirtualBox mouse integration: is tagged by udev as: Mouse
[    10.987] (II) event5  - VirtualBox mouse integration: device is a pointer
[    10.987] (II) config/udev: Adding input device VirtualBox mouse integration (/dev/input/js1)
[    10.987] (II) No input driver specified, ignoring this device.
[    10.987] (II) This device may have been added with another device file.
[    10.987] (II) config/udev: Adding input device VirtualBox mouse integration (/dev/input/mouse1)
[    10.987] (II) No input driver specified, ignoring this device.
[    10.987] (II) This device may have been added with another device file.
[    10.987] (II) config/udev: Adding input device VirtualBox USB Tablet (/dev/input/event3)
[    10.987] (**) VirtualBox USB Tablet: Applying InputClass "libinput pointer catchall"
[    10.987] (II) Using input driver 'libinput' for 'VirtualBox USB Tablet'
[    11.221] (II) systemd-logind: got fd for /dev/input/event3 13:67 fd 27 paused 0
[    11.221] (**) VirtualBox USB Tablet: always reports core events
[    11.221] (**) Option "Device" "/dev/input/event3"
[    11.222] (II) event3  - VirtualBox USB Tablet: is tagged by udev as: Mouse
[    11.222] (II) event3  - VirtualBox USB Tablet: device is a pointer
[    11.222] (II) event3  - VirtualBox USB Tablet: device removed
[    11.222] (**) Option "config_info" "udev:/sys/devices/pci0000:00/0000:00:06.0/usb1/1-1/1-1:1.0/0003:80EE:0021.0001/input/input4/event3"
[    11.222] (II) XINPUT: Adding extended input device "VirtualBox USB Tablet" (type: MOUSE, id 10)
[    11.222] (**) Option "AccelerationScheme" "none"
[    11.222] (**) VirtualBox USB Tablet: (accel) selected scheme none/0
[    11.222] (**) VirtualBox USB Tablet: (accel) acceleration factor: 2.000
[    11.222] (**) VirtualBox USB Tablet: (accel) acceleration threshold: 4
[    11.223] (II) event3  - VirtualBox USB Tablet: is tagged by udev as: Mouse
[    11.223] (II) event3  - VirtualBox USB Tablet: device is a pointer
[    11.223] (II) config/udev: Adding input device VirtualBox USB Tablet (/dev/input/js0)
[    11.223] (II) No input driver specified, ignoring this device.
[    11.223] (II) This device may have been added with another device file.
[    11.223] (II) config/udev: Adding input device VirtualBox USB Tablet (/dev/input/mouse0)
[    11.223] (II) No input driver specified, ignoring this device.
[    11.223] (II) This device may have been added with another device file.
[    11.223] (II) config/udev: Adding input device AT Translated Set 2 keyboard (/dev/input/event2)
[    11.223] (**) AT Translated Set 2 keyboard: Applying InputClass "libinput keyboard catchall"
[    11.223] (II) Using input driver 'libinput' for 'AT Translated Set 2 keyboard'
[    11.225] (II) systemd-logind: got fd for /dev/input/event2 13:66 fd 28 paused 0
[    11.225] (**) AT Translated Set 2 keyboard: always reports core events
[    11.225] (**) Option "Device" "/dev/input/event2"
[    11.225] (II) event2  - AT Translated Set 2 keyboard: is tagged by udev as: Keyboard
[    11.225] (II) event2  - AT Translated Set 2 keyboard: device is a keyboard
[    11.225] (II) event2  - AT Translated Set 2 keyboard: device removed
[    11.225] (**) Option "config_info" "udev:/sys/devices/platform/i8042/serio0/input/input2/event2"
[    11.225] (II) XINPUT: Adding extended input device "AT Translated Set 2 keyboard" (type: KEYBOARD, id 11)
[    11.225] (II) event2  - AT Translated Set 2 keyboard: is tagged by udev as: Keyboard
[    11.225] (II) event2  - AT Translated Set 2 keyboard: device is a keyboard
[    11.225] (II) config/udev: Adding input device ImExPS/2 Generic Explorer Mouse (/dev/input/event7)
[    11.225] (**) ImExPS/2 Generic Explorer Mouse: Applying InputClass "libinput pointer catchall"
[    11.225] (II) Using input driver 'libinput' for 'ImExPS/2 Generic Explorer Mouse'
[    11.227] (II) systemd-logind: got fd for /dev/input/event7 13:71 fd 29 paused 0
[    11.227] (**) ImExPS/2 Generic Explorer Mouse: always reports core events
[    11.227] (**) Option "Device" "/dev/input/event7"
[    11.227] (II) event7  - ImExPS/2 Generic Explorer Mouse: is tagged by udev as: Mouse
[    11.227] (II) event7  - ImExPS/2 Generic Explorer Mouse: device is a pointer
[    11.227] (II) event7  - ImExPS/2 Generic Explorer Mouse: device removed
[    11.227] (II) libinput: ImExPS/2 Generic Explorer Mouse: Step value 0 was provided, libinput Fallback acceleration function is used.
[    11.227] (II) libinput: ImExPS/2 Generic Explorer Mouse: Step value 0 was provided, libinput Fallback acceleration function is used.
[    11.227] (II) libinput: ImExPS/2 Generic Explorer Mouse: Step value 0 was provided, libinput Fallback acceleration function is used.
[    11.227] (**) Option "config_info" "udev:/sys/devices/platform/i8042/serio1/input/input8/event7"
[    11.227] (II) XINPUT: Adding extended input device "ImExPS/2 Generic Explorer Mouse" (type: MOUSE, id 12)
[    11.227] (**) Option "AccelerationScheme" "none"
[    11.227] (**) ImExPS/2 Generic Explorer Mouse: (accel) selected scheme none/0
[    11.227] (**) ImExPS/2 Generic Explorer Mouse: (accel) acceleration factor: 2.000
[    11.227] (**) ImExPS/2 Generic Explorer Mouse: (accel) acceleration threshold: 4
[    11.227] (II) event7  - ImExPS/2 Generic Explorer Mouse: is tagged by udev as: Mouse
[    11.227] (II) event7  - ImExPS/2 Generic Explorer Mouse: device is a pointer
[    11.227] (II) config/udev: Adding input device ImExPS/2 Generic Explorer Mouse (/dev/input/mouse2)
[    11.227] (II) No input driver specified, ignoring this device.
[    11.227] (II) This device may have been added with another device file.
[    11.227] (II) config/udev: Adding input device PC Speaker (/dev/input/event6)
[    11.227] (II) No input driver specified, ignoring this device.
[    11.227] (II) This device may have been added with another device file.
[    75.229] (II) event3  - VirtualBox USB Tablet: device removed
[    75.231] (II) config/udev: removing device VirtualBox USB Tablet
[    75.231] (**) Option "fd" "27"
[    75.231] (II) UnloadModule: "libinput"
[    75.231] (II) systemd-logind: releasing fd for 13:67
[    77.958] (II) config/udev: Adding input device VirtualBox USB Tablet (/dev/input/mouse0)
[    77.958] (II) No input driver specified, ignoring this device.
[    77.958] (II) This device may have been added with another device file.
[    77.959] (II) config/udev: Adding input device VirtualBox USB Tablet (/dev/input/js0)
[    77.959] (II) No input driver specified, ignoring this device.
[    77.959] (II) This device may have been added with another device file.
[    78.318] (II) config/udev: Adding input device VirtualBox USB Tablet (/dev/input/event3)
[    78.318] (**) VirtualBox USB Tablet: Applying InputClass "libinput pointer catchall"
[    78.318] (II) Using input driver 'libinput' for 'VirtualBox USB Tablet'
[    78.582] (II) systemd-logind: got fd for /dev/input/event3 13:67 fd 30 paused 0
[    78.582] (**) VirtualBox USB Tablet: always reports core events
[    78.582] (**) Option "Device" "/dev/input/event3"
[    78.582] (II) event3  - VirtualBox USB Tablet: is tagged by udev as: Mouse
[    78.582] (II) event3  - VirtualBox USB Tablet: device is a pointer
[    78.582] (II) event3  - VirtualBox USB Tablet: device removed
[    78.582] (**) Option "config_info" "udev:/sys/devices/pci0000:00/0000:00:06.0/usb1/1-1/1-1:1.0/0003:80EE:0021.0002/input/input9/event3"
[    78.582] (II) XINPUT: Adding extended input device "VirtualBox USB Tablet" (type: MOUSE, id 10)
[    78.582] (**) Option "AccelerationScheme" "none"
[    78.582] (**) VirtualBox USB Tablet: (accel) selected scheme none/0
[    78.582] (**) VirtualBox USB Tablet: (accel) acceleration factor: 2.000
[    78.582] (**) VirtualBox USB Tablet: (accel) acceleration threshold: 4
[    78.582] (II) event3  - VirtualBox USB Tablet: is tagged by udev as: Mouse
[    78.582] (II) event3  - VirtualBox USB Tablet: device is a pointer
